[00:03:55] [Server thread/WARN]: Blink moved too quickly! 0.0,-11.842011517166327,2.0670376670750557E-4
[00:07:37] [Server thread/INFO]: [whale52Hz: Set the time to 100]
[00:14:35] [Server thread/INFO]: [whale52Hz: Set the time to 100]
[00:14:43] [Server thread/INFO]: [whale52Hz: Set the weather to clear]
[00:24:41] [Server thread/INFO]: [whale52Hz: Set the weather to clear]
[00:25:30] [Server thread/INFO]: [whale52Hz: Set the time to 100]
[00:29:50] [Server thread/INFO]: [whale52Hz: Set the weather to clear]
[00:31:26] [Server thread/WARN]: Blink moved too quickly! 0.031635078071644784,-5.999987902364467,-8.645617979341523
[00:34:54] [Server thread/INFO]: [whale52Hz: Set the weather to clear]
[00:34:57] [Server thread/INFO]: [whale52Hz: Set the time to 100]
[00:36:26] [Server thread/WARN]: Can't keep up! Is the server overloaded? Running 2068ms or 41 ticks behind
[00:43:22] [Server thread/INFO]: [whale52Hz: Set the weather to clear]
[00:45:15] [Server thread/INFO]: [whale52Hz: Set the time to 100]
[00:48:30] [Server thread/INFO]: [whale52Hz: Set the weather to clear]
[00:53:41] [Server thread/INFO]: [whale52Hz: Set the weather to clear]
[00:56:01] [Server thread/INFO]: [whale52Hz: Set the time to 100]
[00:59:17] [Server thread/INFO]: [whale52Hz: Set the weather to clear]
[00:59:25] [Server thread/WARN]: whale52Hz moved too quickly! -6.708532432051356,0.0,-8.137269064392058
[01:00:18] [Server thread/INFO]: whale52Hz lost connection: Disconnected
[01:00:18] [Server thread/INFO]: whale52Hz left the game
[01:00:26] [Server thread/INFO]: Blink lost connection: Disconnected
[01:00:26] [Server thread/INFO]: Blink left the game
[01:00:28] [Server thread/INFO]: Stopping server
[01:00:28] [Server thread/INFO]: Saving players
[01:00:28] [Server thread/INFO]: Saving worlds
[01:00:28] [Server thread/INFO]: Saving chunks for level 'world'/minecraft:the_end
[01:00:28] [Server thread/INFO]: ThreadedAnvilChunkStorage (DIM1): All chunks are saved
[01:00:28] [Server thread/INFO]: Saving chunks for level 'world'/minecraft:the_nether
[01:00:28] [Server thread/INFO]: ThreadedAnvilChunkStorage (DIM-1): All chunks are saved
[01:00:28] [Server thread/INFO]: Saving chunks for level 'world'/minecraft:overworld
[01:00:28] [Server thread/INFO]: ThreadedAnvilChunkStorage (world): All chunks are saved
[01:00:28] [Server thread/INFO]: ThreadedAnvilChunkStorage (DIM1): All chunks are saved
[01:00:28] [Server thread/INFO]: ThreadedAnvilChunkStorage (DIM-1): All chunks are saved
[01:00:28] [Server thread/INFO]: ThreadedAnvilChunkStorage (world): All chunks are saved
[01:00:28] [Server-Worker-1152/ERROR]: Cound not schedule mailbox
java.util.concurrent.RejectedExecutionException: null
	at java.util.concurrent.ForkJoinPool.externalSubmit(Unknown Source) ~[?:1.8.0_211]
	at java.util.concurrent.ForkJoinPool.externalPush(Unknown Source) ~[?:1.8.0_211]
	at java.util.concurrent.ForkJoinPool.execute(Unknown Source) ~[?:1.8.0_211]
	at agq.f(SourceFile:112) ~[server.jar:?]
	at agq.a(SourceFile:101) ~[server.jar:?]
	at uw.a(SourceFile:141) ~[server.jar:?]
	at uw.a(SourceFile:149) ~[server.jar:?]
	at java.util.concurrent.CompletableFuture.uniAccept(Unknown Source) ~[?:1.8.0_211]
	at java.util.concurrent.CompletableFuture$UniAccept.tryFire(Unknown Source) ~[?:1.8.0_211]
	at java.util.concurrent.CompletableFuture.postComplete(Unknown Source) ~[?:1.8.0_211]
	at java.util.concurrent.CompletableFuture.complete(Unknown Source) ~[?:1.8.0_211]
	at agp$1.a(SourceFile:32) ~[server.jar:?]
	at uw.b(SourceFile:58) ~[server.jar:?]
	at agq.e(SourceFile:83) [server.jar:?]
	at agq.a(SourceFile:123) [server.jar:?]
	at agq.run(SourceFile:91) [server.jar:?]
	at java.util.concurrent.ForkJoinTask$RunnableExecuteAction.exec(Unknown Source) [?:1.8.0_211]
	at java.util.concurrent.ForkJoinTask.doExec(Unknown Source) [?:1.8.0_211]
	at java.util.concurrent.ForkJoinPool$WorkQueue.runTask(Unknown Source) [?:1.8.0_211]
	at java.util.concurrent.ForkJoinPool.runWorker(Unknown Source) [?:1.8.0_211]
	at java.util.concurrent.ForkJoinWorkerThread.run(Unknown Source) [?:1.8.0_211]
